W0919 17:11:14.282000 22379680249664 torch/distributed/run.py:779] 
W0919 17:11:14.282000 22379680249664 torch/distributed/run.py:779] *****************************************
W0919 17:11:14.282000 22379680249664 torch/distributed/run.py:779] Setting OMP_NUM_THREADS environment variable for each process to be 1 in default, to avoid your system being overloaded, please further tune the variable for optimal performance in your application as needed. 
W0919 17:11:14.282000 22379680249664 torch/distributed/run.py:779] *****************************************
flash_kv_decode is set to False
Using device=cuda
Loading model ...
GPTDense(
  (tok_embeddings): Embedding(128256, 4096)
  (layers): ModuleList(
    (0-3): 4 x DenseTransformerBlock(
      semi_compiled = False
      (attention): Attention(
        (wqkv): Linear(in_features=4096, out_features=1536, bias=False)
        (wo): Linear(in_features=1024, out_features=4096, bias=False)
      )
      (feed_forward): FeedForward(
        (w1): Linear(in_features=4096, out_features=7168, bias=False)
        (w2): Linear(in_features=3584, out_features=4096, bias=False)
      )
      (ffn_norm): RMSNorm()
      (attention_norm): RMSNorm()
    )
  )
  (norm): RMSNorm()
  (output): Linear(in_features=4096, out_features=128256, bias=False)
)
Time to load model: 0.89 seconds
/home/charlie/anaconda3/envs/gpt-fast/lib/python3.10/contextlib.py:103: FutureWarning: `torch.backends.cuda.sdp_kernel()` is deprecated. In the future, this context manager will be removed. Please see `torch.nn.attention.sdpa_kernel()` for the new context manager, with updated signature.
  self.gen = func(*args, **kwds)
/home/charlie/anaconda3/envs/gpt-fast/lib/python3.10/contextlib.py:103: FutureWarning: `torch.backends.cuda.sdp_kernel()` is deprecated. In the future, this context manager will be removed. Please see `torch.nn.attention.sdpa_kernel()` for the new context manager, with updated signature.
  self.gen = func(*args, **kwds)
Compiling prefill with dynamic=False
/home/charlie/anaconda3/envs/gpt-fast/lib/python3.10/contextlib.py:103: FutureWarning: `torch.backends.cuda.sdp_kernel()` is deprecated. In the future, this context manager will be removed. Please see `torch.nn.attention.sdpa_kernel()` for the new context manager, with updated signature.
  self.gen = func(*args, **kwds)
/home/charlie/anaconda3/envs/gpt-fast/lib/python3.10/contextlib.py:103: FutureWarning: `torch.backends.cuda.sdp_kernel()` is deprecated. In the future, this context manager will be removed. Please see `torch.nn.attention.sdpa_kernel()` for the new context manager, with updated signature.
  self.gen = func(*args, **kwds)
[rank3]:W0919 17:11:28.734000 22739448735552 torch/fx/experimental/symbolic_shapes.py:4449] [0/0] xindex is not in var_ranges, defaulting to unknown range.
[rank2]:W0919 17:11:28.754000 23267940210496 torch/fx/experimental/symbolic_shapes.py:4449] [0/0] xindex is not in var_ranges, defaulting to unknown range.
[rank0]:W0919 17:11:28.779000 22574099740480 torch/fx/experimental/symbolic_shapes.py:4449] [0/0] xindex is not in var_ranges, defaulting to unknown range.
[rank1]:W0919 17:11:28.836000 23227560195904 torch/fx/experimental/symbolic_shapes.py:4449] [0/0] xindex is not in var_ranges, defaulting to unknown range.
Prefill latency: 24.688691575080156 sec
/home/charlie/anaconda3/envs/gpt-fast/lib/python3.10/contextlib.py:103: FutureWarning: `torch.backends.cuda.sdp_kernel()` is deprecated. In the future, this context manager will be removed. Please see `torch.nn.attention.sdpa_kernel()` for the new context manager, with updated signature.
  self.gen = func(*args, **kwds)
[rank0]:W0919 17:11:50.819000 22574099740480 torch/fx/experimental/symbolic_shapes.py:4449] [1/0] xindex is not in var_ranges, defaulting to unknown range.
/home/charlie/anaconda3/envs/gpt-fast/lib/python3.10/contextlib.py:103: FutureWarning: `torch.backends.cuda.sdp_kernel()` is deprecated. In the future, this context manager will be removed. Please see `torch.nn.attention.sdpa_kernel()` for the new context manager, with updated signature.
  self.gen = func(*args, **kwds)
/home/charlie/anaconda3/envs/gpt-fast/lib/python3.10/contextlib.py:103: FutureWarning: `torch.backends.cuda.sdp_kernel()` is deprecated. In the future, this context manager will be removed. Please see `torch.nn.attention.sdpa_kernel()` for the new context manager, with updated signature.
  self.gen = func(*args, **kwds)
/home/charlie/anaconda3/envs/gpt-fast/lib/python3.10/contextlib.py:103: FutureWarning: `torch.backends.cuda.sdp_kernel()` is deprecated. In the future, this context manager will be removed. Please see `torch.nn.attention.sdpa_kernel()` for the new context manager, with updated signature.
  self.gen = func(*args, **kwds)
[rank3]:W0919 17:11:57.868000 22739448735552 torch/fx/experimental/symbolic_shapes.py:4449] [1/0] xindex is not in var_ranges, defaulting to unknown range.
[rank2]:W0919 17:11:58.108000 23267940210496 torch/fx/experimental/symbolic_shapes.py:4449] [1/0] xindex is not in var_ranges, defaulting to unknown range.
[rank1]:W0919 17:11:58.279000 23227560195904 torch/fx/experimental/symbolic_shapes.py:4449] [1/0] xindex is not in var_ranges, defaulting to unknown range.
/home/charlie/anaconda3/envs/gpt-fast/lib/python3.10/contextlib.py:103: FutureWarning: `torch.backends.cuda.sdp_kernel()` is deprecated. In the future, this context manager will be removed. Please see `torch.nn.attention.sdpa_kernel()` for the new context manager, with updated signature.
  self.gen = func(*args, **kwds)
/home/charlie/anaconda3/envs/gpt-fast/lib/python3.10/contextlib.py:103: FutureWarning: `torch.backends.cuda.sdp_kernel()` is deprecated. In the future, this context manager will be removed. Please see `torch.nn.attention.sdpa_kernel()` for the new context manager, with updated signature.
  self.gen = func(*args, **kwds)
/home/charlie/anaconda3/envs/gpt-fast/lib/python3.10/contextlib.py:103: FutureWarning: `torch.backends.cuda.sdp_kernel()` is deprecated. In the future, this context manager will be removed. Please see `torch.nn.attention.sdpa_kernel()` for the new context manager, with updated signature.
  self.gen = func(*args, **kwds)
/home/charlie/anaconda3/envs/gpt-fast/lib/python3.10/contextlib.py:103: FutureWarning: `torch.backends.cuda.sdp_kernel()` is deprecated. In the future, this context manager will be removed. Please see `torch.nn.attention.sdpa_kernel()` for the new context manager, with updated signature.
  self.gen = func(*args, **kwds)
/home/charlie/anaconda3/envs/gpt-fast/lib/python3.10/contextlib.py:103: FutureWarning: `torch.backends.cuda.sdp_kernel()` is deprecated. In the future, this context manager will be removed. Please see `torch.nn.attention.sdpa_kernel()` for the new context manager, with updated signature.
  self.gen = func(*args, **kwds)
/home/charlie/anaconda3/envs/gpt-fast/lib/python3.10/contextlib.py:103: FutureWarning: `torch.backends.cuda.sdp_kernel()` is deprecated. In the future, this context manager will be removed. Please see `torch.nn.attention.sdpa_kernel()` for the new context manager, with updated signature.
  self.gen = func(*args, **kwds)
/home/charlie/anaconda3/envs/gpt-fast/lib/python3.10/contextlib.py:103: FutureWarning: `torch.backends.cuda.sdp_kernel()` is deprecated. In the future, this context manager will be removed. Please see `torch.nn.attention.sdpa_kernel()` for the new context manager, with updated signature.
  self.gen = func(*args, **kwds)
/home/charlie/anaconda3/envs/gpt-fast/lib/python3.10/contextlib.py:103: FutureWarning: `torch.backends.cuda.sdp_kernel()` is deprecated. In the future, this context manager will be removed. Please see `torch.nn.attention.sdpa_kernel()` for the new context manager, with updated signature.
  self.gen = func(*args, **kwds)
Decode latency: 44.404778592288494 sec
Compilation time: 69.10 seconds
Compilation time: 69.11 seconds
Compilation time: 69.12 secondsCompilation time: 69.10 seconds

Prefill latency: 0.23086626082658768 sec
/home/charlie/anaconda3/envs/gpt-fast/lib/python3.10/contextlib.py:103: FutureWarning: `torch.backends.cuda.sdp_kernel()` is deprecated. In the future, this context manager will be removed. Please see `torch.nn.attention.sdpa_kernel()` for the new context manager, with updated signature.
  self.gen = func(*args, **kwds)
/home/charlie/anaconda3/envs/gpt-fast/lib/python3.10/contextlib.py:103: FutureWarning: `torch.backends.cuda.sdp_kernel()` is deprecated. In the future, this context manager will be removed. Please see `torch.nn.attention.sdpa_kernel()` for the new context manager, with updated signature.
  self.gen = func(*args, **kwds)
/home/charlie/anaconda3/envs/gpt-fast/lib/python3.10/contextlib.py:103: FutureWarning: `torch.backends.cuda.sdp_kernel()` is deprecated. In the future, this context manager will be removed. Please see `torch.nn.attention.sdpa_kernel()` for the new context manager, with updated signature.
  self.gen = func(*args, **kwds)
/home/charlie/anaconda3/envs/gpt-fast/lib/python3.10/contextlib.py:103: FutureWarning: `torch.backends.cuda.sdp_kernel()` is deprecated. In the future, this context manager will be removed. Please see `torch.nn.attention.sdpa_kernel()` for the new context manager, with updated signature.
  self.gen = func(*args, **kwds)
Decode latency: 0.10765109956264496 sec
Prefill latency: 0.0012127570807933807 sec
Decode latency: 0.10380341298878193 sec
Prefill latency: 0.001188395544886589 sec
Decode latency: 0.1037848275154829 sec
Prefill latency: 0.0011645704507827759 sec
Decode latency: 0.10399002768099308 sec
Prefill latency: 0.0011725109070539474 sec
Decode latency: 0.10382532328367233 sec
Time for inference 1: 0.11 sec total, 1175.21 tokens/sec
Decode latency: 0.10 sec
Prefill latency: 0.00 sec
Bandwidth achieved: 1747.48 GB/s
FLOPS achieved: 1.80 TF/s

Prefill latency: 0.0011501237750053406 sec
Decode latency: 0.10381238907575607 sec
Time for inference 2: 0.11 sec total, 1174.55 tokens/sec
Decode latency: 0.10 sec
Prefill latency: 0.00 sec
Bandwidth achieved: 1746.51 GB/s
FLOPS achieved: 1.80 TF/s

Prefill latency: 0.0011422093957662582 sec
Decode latency: 0.103806646540761 sec
Time for inference 3: 0.11 sec total, 1170.42 tokens/sec
Decode latency: 0.10 sec
Prefill latency: 0.00 sec
Bandwidth achieved: 1740.37 GB/s
FLOPS achieved: 1.79 TF/s

Prefill latency: 0.0011349152773618698 sec
Decode latency: 0.10384481400251389 sec
Time for inference 4: 0.11 sec total, 1171.52 tokens/sec
Decode latency: 0.10 sec
Prefill latency: 0.00 sec
Bandwidth achieved: 1741.99 GB/s
FLOPS achieved: 1.80 TF/s

Prefill latency: 0.0011304691433906555 sec
Decode latency: 0.10382274724543095 sec
Time for inference 5: 0.11 sec total, 1169.30 tokens/sec
Decode latency: 0.10 sec
Prefill latency: 0.00 sec
Bandwidth achieved: 1738.70 GB/s
FLOPS achieved: 1.79 TF/s

==========
Batch Size: 1
Prompt Length: 4
Generated tokens: 128
Average decode latency: 0.10 sec
Average prefill latency: 0.00 sec
Average tokens/sec: 1172.20
Memory used: 2.90 GB
