W0919 17:13:52.459000 22366536095552 torch/distributed/run.py:779] 
W0919 17:13:52.459000 22366536095552 torch/distributed/run.py:779] *****************************************
W0919 17:13:52.459000 22366536095552 torch/distributed/run.py:779] Setting OMP_NUM_THREADS environment variable for each process to be 1 in default, to avoid your system being overloaded, please further tune the variable for optimal performance in your application as needed. 
W0919 17:13:52.459000 22366536095552 torch/distributed/run.py:779] *****************************************
flash_kv_decode is set to False
Using device=cuda
Loading model ...
/home/charlie/anaconda3/envs/gpt-fast/lib/python3.10/contextlib.py:103: FutureWarning: `torch.backends.cuda.sdp_kernel()` is deprecated. In the future, this context manager will be removed. Please see `torch.nn.attention.sdpa_kernel()` for the new context manager, with updated signature.
  self.gen = func(*args, **kwds)
/home/charlie/anaconda3/envs/gpt-fast/lib/python3.10/contextlib.py:103: FutureWarning: `torch.backends.cuda.sdp_kernel()` is deprecated. In the future, this context manager will be removed. Please see `torch.nn.attention.sdpa_kernel()` for the new context manager, with updated signature.
  self.gen = func(*args, **kwds)
GPTDense(
  (tok_embeddings): Embedding(128256, 4096)
  (layers): ModuleList(
    (0-3): 4 x DenseTransformerBlock(
      semi_compiled = False
      (attention): Attention(
        (wqkv): Linear(in_features=4096, out_features=1536, bias=False)
        (wo): Linear(in_features=1024, out_features=4096, bias=False)
      )
      (feed_forward): FeedForward(
        (w1): Linear(in_features=4096, out_features=7168, bias=False)
        (w2): Linear(in_features=3584, out_features=4096, bias=False)
      )
      (ffn_norm): RMSNorm()
      (attention_norm): RMSNorm()
    )
  )
  (norm): RMSNorm()
  (output): Linear(in_features=4096, out_features=128256, bias=False)
)
Time to load model: 0.79 seconds
Compiling prefill with dynamic=False
/home/charlie/anaconda3/envs/gpt-fast/lib/python3.10/contextlib.py:103: FutureWarning: `torch.backends.cuda.sdp_kernel()` is deprecated. In the future, this context manager will be removed. Please see `torch.nn.attention.sdpa_kernel()` for the new context manager, with updated signature.
  self.gen = func(*args, **kwds)
/home/charlie/anaconda3/envs/gpt-fast/lib/python3.10/contextlib.py:103: FutureWarning: `torch.backends.cuda.sdp_kernel()` is deprecated. In the future, this context manager will be removed. Please see `torch.nn.attention.sdpa_kernel()` for the new context manager, with updated signature.
  self.gen = func(*args, **kwds)
[rank3]:W0919 17:14:05.045000 23280810534720 torch/fx/experimental/symbolic_shapes.py:4449] [0/0] xindex is not in var_ranges, defaulting to unknown range.
[rank0]:W0919 17:14:05.087000 22825280436032 torch/fx/experimental/symbolic_shapes.py:4449] [0/0] xindex is not in var_ranges, defaulting to unknown range.
[rank1]:W0919 17:14:05.133000 23416616798016 torch/fx/experimental/symbolic_shapes.py:4449] [0/0] xindex is not in var_ranges, defaulting to unknown range.
[rank2]:W0919 17:14:05.220000 22829045999424 torch/fx/experimental/symbolic_shapes.py:4449] [0/0] xindex is not in var_ranges, defaulting to unknown range.
Prefill latency: 24.615682000294328 sec
/home/charlie/anaconda3/envs/gpt-fast/lib/python3.10/contextlib.py:103: FutureWarning: `torch.backends.cuda.sdp_kernel()` is deprecated. In the future, this context manager will be removed. Please see `torch.nn.attention.sdpa_kernel()` for the new context manager, with updated signature.
  self.gen = func(*args, **kwds)
[rank0]:W0919 17:14:27.938000 22825280436032 torch/fx/experimental/symbolic_shapes.py:4449] [1/0] xindex is not in var_ranges, defaulting to unknown range.
/home/charlie/anaconda3/envs/gpt-fast/lib/python3.10/contextlib.py:103: FutureWarning: `torch.backends.cuda.sdp_kernel()` is deprecated. In the future, this context manager will be removed. Please see `torch.nn.attention.sdpa_kernel()` for the new context manager, with updated signature.
  self.gen = func(*args, **kwds)
/home/charlie/anaconda3/envs/gpt-fast/lib/python3.10/contextlib.py:103: FutureWarning: `torch.backends.cuda.sdp_kernel()` is deprecated. In the future, this context manager will be removed. Please see `torch.nn.attention.sdpa_kernel()` for the new context manager, with updated signature.
  self.gen = func(*args, **kwds)
/home/charlie/anaconda3/envs/gpt-fast/lib/python3.10/contextlib.py:103: FutureWarning: `torch.backends.cuda.sdp_kernel()` is deprecated. In the future, this context manager will be removed. Please see `torch.nn.attention.sdpa_kernel()` for the new context manager, with updated signature.
  self.gen = func(*args, **kwds)
[rank1]:W0919 17:14:37.369000 23416616798016 torch/fx/experimental/symbolic_shapes.py:4449] [1/0] xindex is not in var_ranges, defaulting to unknown range.
[rank3]:W0919 17:14:37.710000 23280810534720 torch/fx/experimental/symbolic_shapes.py:4449] [1/0] xindex is not in var_ranges, defaulting to unknown range.
[rank2]:W0919 17:14:37.793000 22829045999424 torch/fx/experimental/symbolic_shapes.py:4449] [1/0] xindex is not in var_ranges, defaulting to unknown range.
/home/charlie/anaconda3/envs/gpt-fast/lib/python3.10/contextlib.py:103: FutureWarning: `torch.backends.cuda.sdp_kernel()` is deprecated. In the future, this context manager will be removed. Please see `torch.nn.attention.sdpa_kernel()` for the new context manager, with updated signature.
  self.gen = func(*args, **kwds)
/home/charlie/anaconda3/envs/gpt-fast/lib/python3.10/contextlib.py:103: FutureWarning: `torch.backends.cuda.sdp_kernel()` is deprecated. In the future, this context manager will be removed. Please see `torch.nn.attention.sdpa_kernel()` for the new context manager, with updated signature.
  self.gen = func(*args, **kwds)
/home/charlie/anaconda3/envs/gpt-fast/lib/python3.10/contextlib.py:103: FutureWarning: `torch.backends.cuda.sdp_kernel()` is deprecated. In the future, this context manager will be removed. Please see `torch.nn.attention.sdpa_kernel()` for the new context manager, with updated signature.
  self.gen = func(*args, **kwds)
/home/charlie/anaconda3/envs/gpt-fast/lib/python3.10/contextlib.py:103: FutureWarning: `torch.backends.cuda.sdp_kernel()` is deprecated. In the future, this context manager will be removed. Please see `torch.nn.attention.sdpa_kernel()` for the new context manager, with updated signature.
  self.gen = func(*args, **kwds)
/home/charlie/anaconda3/envs/gpt-fast/lib/python3.10/contextlib.py:103: FutureWarning: `torch.backends.cuda.sdp_kernel()` is deprecated. In the future, this context manager will be removed. Please see `torch.nn.attention.sdpa_kernel()` for the new context manager, with updated signature.
  self.gen = func(*args, **kwds)
/home/charlie/anaconda3/envs/gpt-fast/lib/python3.10/contextlib.py:103: FutureWarning: `torch.backends.cuda.sdp_kernel()` is deprecated. In the future, this context manager will be removed. Please see `torch.nn.attention.sdpa_kernel()` for the new context manager, with updated signature.
  self.gen = func(*args, **kwds)
/home/charlie/anaconda3/envs/gpt-fast/lib/python3.10/contextlib.py:103: FutureWarning: `torch.backends.cuda.sdp_kernel()` is deprecated. In the future, this context manager will be removed. Please see `torch.nn.attention.sdpa_kernel()` for the new context manager, with updated signature.
  self.gen = func(*args, **kwds)
/home/charlie/anaconda3/envs/gpt-fast/lib/python3.10/contextlib.py:103: FutureWarning: `torch.backends.cuda.sdp_kernel()` is deprecated. In the future, this context manager will be removed. Please see `torch.nn.attention.sdpa_kernel()` for the new context manager, with updated signature.
  self.gen = func(*args, **kwds)
Decode latency: 34.89097645133734 sec
Compilation time: 59.64 seconds
Compilation time: 59.61 seconds
Compilation time: 59.35 seconds
Compilation time: 59.51 seconds
Prefill latency: 0.2676713429391384 sec
/home/charlie/anaconda3/envs/gpt-fast/lib/python3.10/contextlib.py:103: FutureWarning: `torch.backends.cuda.sdp_kernel()` is deprecated. In the future, this context manager will be removed. Please see `torch.nn.attention.sdpa_kernel()` for the new context manager, with updated signature.
  self.gen = func(*args, **kwds)
/home/charlie/anaconda3/envs/gpt-fast/lib/python3.10/contextlib.py:103: FutureWarning: `torch.backends.cuda.sdp_kernel()` is deprecated. In the future, this context manager will be removed. Please see `torch.nn.attention.sdpa_kernel()` for the new context manager, with updated signature.
  self.gen = func(*args, **kwds)
/home/charlie/anaconda3/envs/gpt-fast/lib/python3.10/contextlib.py:103: FutureWarning: `torch.backends.cuda.sdp_kernel()` is deprecated. In the future, this context manager will be removed. Please see `torch.nn.attention.sdpa_kernel()` for the new context manager, with updated signature.
  self.gen = func(*args, **kwds)
/home/charlie/anaconda3/envs/gpt-fast/lib/python3.10/contextlib.py:103: FutureWarning: `torch.backends.cuda.sdp_kernel()` is deprecated. In the future, this context manager will be removed. Please see `torch.nn.attention.sdpa_kernel()` for the new context manager, with updated signature.
  self.gen = func(*args, **kwds)
Decode latency: 0.15575521439313889 sec
Prefill latency: 0.0013046320527791977 sec
Decode latency: 0.11675681173801422 sec
Prefill latency: 0.0012418180704116821 sec
Decode latency: 0.11677759885787964 sec
Prefill latency: 0.0012129154056310654 sec
Decode latency: 0.11670639552175999 sec
Prefill latency: 0.0011936947703361511 sec
Decode latency: 0.11671237275004387 sec
Time for inference 1: 0.12 sec total, 1038.56 tokens/sec
Decode latency: 0.12 sec
Prefill latency: 0.00 sec
Bandwidth achieved: 1544.29 GB/s
FLOPS achieved: 6.37 TF/s

Prefill latency: 0.001229090616106987 sec
Decode latency: 0.11683961190283298 sec
Time for inference 2: 0.12 sec total, 1047.56 tokens/sec
Decode latency: 0.12 sec
Prefill latency: 0.00 sec
Bandwidth achieved: 1557.68 GB/s
FLOPS achieved: 6.43 TF/s

Prefill latency: 0.0012307632714509964 sec
Decode latency: 0.1168645117431879 sec
Time for inference 3: 0.12 sec total, 1042.57 tokens/sec
Decode latency: 0.12 sec
Prefill latency: 0.00 sec
Bandwidth achieved: 1550.26 GB/s
FLOPS achieved: 6.39 TF/s

Prefill latency: 0.0011877361685037613 sec
Decode latency: 0.11676901951432228 sec
Time for inference 4: 0.12 sec total, 1047.50 tokens/sec
Decode latency: 0.12 sec
Prefill latency: 0.00 sec
Bandwidth achieved: 1557.59 GB/s
FLOPS achieved: 6.43 TF/s

Prefill latency: 0.0011782366782426834 sec
Decode latency: 0.11688346043229103 sec
Time for inference 5: 0.12 sec total, 1047.34 tokens/sec
Decode latency: 0.12 sec
Prefill latency: 0.00 sec
Bandwidth achieved: 1557.35 GB/s
FLOPS achieved: 6.42 TF/s

==========
Batch Size: 4
Prompt Length: 4
Generated tokens: 128
Average decode latency: 0.12 sec
Average prefill latency: 0.00 sec
Average tokens/sec: 1044.71
Memory used: 2.98 GB
