W0919 22:28:53.022000 23211414509376 torch/distributed/run.py:779] 
W0919 22:28:53.022000 23211414509376 torch/distributed/run.py:779] *****************************************
W0919 22:28:53.022000 23211414509376 torch/distributed/run.py:779] Setting OMP_NUM_THREADS environment variable for each process to be 1 in default, to avoid your system being overloaded, please further tune the variable for optimal performance in your application as needed. 
W0919 22:28:53.022000 23211414509376 torch/distributed/run.py:779] *****************************************
flash_kv_decode is set to True
Using device=cuda
Loading model ...
GPTLadder(
  (tok_embeddings): Embedding(128256, 4096)
  (layers): ModuleList(
    (0-31): 32 x LadderTransformerBlock(
      semi_compiled = False
      (attention): Attention(
        (wqkv): Linear(in_features=4096, out_features=1536, bias=False)
        (wo): Linear(in_features=1024, out_features=4096, bias=False)
      )
      (feed_forward): FeedForward(
        (w1): Linear(in_features=4096, out_features=7168, bias=False)
        (w2): Linear(in_features=3584, out_features=4096, bias=False)
      )
      (ffn_norm): RMSNorm()
      (attention_norm): RMSNorm()
    )
  )
  (norm): RMSNorm()
  (output): Linear(in_features=4096, out_features=128256, bias=False)
)
Time to load model: 0.10 seconds
/home/charlie/anaconda3/envs/gpt-fast/lib/python3.10/contextlib.py:103: FutureWarning: `torch.backends.cuda.sdp_kernel()` is deprecated. In the future, this context manager will be removed. Please see `torch.nn.attention.sdpa_kernel()` for the new context manager, with updated signature.
  self.gen = func(*args, **kwds)
/home/charlie/anaconda3/envs/gpt-fast/lib/python3.10/contextlib.py:103: FutureWarning: `torch.backends.cuda.sdp_kernel()` is deprecated. In the future, this context manager will be removed. Please see `torch.nn.attention.sdpa_kernel()` for the new context manager, with updated signature.
  self.gen = func(*args, **kwds)
/home/charlie/anaconda3/envs/gpt-fast/lib/python3.10/contextlib.py:103: FutureWarning: `torch.backends.cuda.sdp_kernel()` is deprecated. In the future, this context manager will be removed. Please see `torch.nn.attention.sdpa_kernel()` for the new context manager, with updated signature.
  self.gen = func(*args, **kwds)
/home/charlie/anaconda3/envs/gpt-fast/lib/python3.10/contextlib.py:103: FutureWarning: `torch.backends.cuda.sdp_kernel()` is deprecated. In the future, this context manager will be removed. Please see `torch.nn.attention.sdpa_kernel()` for the new context manager, with updated signature.
  self.gen = func(*args, **kwds)
Prefill latency: 0.02142908499808982 sec
Decode latency: 0.05851619699387811 sec
Compilation time: 0.08 seconds
Compilation time: 0.07 seconds
Compilation time: 0.08 seconds
Compilation time: 0.08 seconds
Prefill latency: 0.006794016997446306 sec
Decode latency: 0.05482418400060851 sec
Prefill latency: 0.0067723210086114705 sec
Decode latency: 0.0548556450085016 sec
Prefill latency: 0.006769339001039043 sec
Decode latency: 0.05485817800217774 sec
Prefill latency: 0.006767774000763893 sec
Decode latency: 0.054883245000382885 sec
Prefill latency: 0.006788322993088514 sec
Decode latency: 0.05489693100389559 sec
[rank1]: Traceback (most recent call last):
[rank1]:   File "/home/charlie/skip-residual/gpt-fast/benchmark.py", line 504, in <module>
[rank1]:     main(
[rank1]:   File "/home/charlie/skip-residual/gpt-fast/benchmark.py", line 458, in main
[rank1]:     aggregate_metrics['decode_latency'].append(decode_latency)
[rank1]: UnboundLocalError: local variable 'decode_latency' referenced before assignment
[rank3]: Traceback (most recent call last):
[rank3]:   File "/home/charlie/skip-residual/gpt-fast/benchmark.py", line 504, in <module>
[rank3]:     main(
[rank3]:   File "/home/charlie/skip-residual/gpt-fast/benchmark.py", line 458, in main
[rank3]:     aggregate_metrics['decode_latency'].append(decode_latency)
[rank3]: UnboundLocalError: local variable 'decode_latency' referenced before assignment
[rank2]: Traceback (most recent call last):
[rank2]:   File "/home/charlie/skip-residual/gpt-fast/benchmark.py", line 504, in <module>
[rank2]:     main(
[rank2]:   File "/home/charlie/skip-residual/gpt-fast/benchmark.py", line 458, in main
[rank2]:     aggregate_metrics['decode_latency'].append(decode_latency)
[rank2]: UnboundLocalError: local variable 'decode_latency' referenced before assignment
[rank0]: Traceback (most recent call last):
[rank0]:   File "/home/charlie/skip-residual/gpt-fast/benchmark.py", line 504, in <module>
[rank0]:     main(
[rank0]:   File "/home/charlie/skip-residual/gpt-fast/benchmark.py", line 458, in main
[rank0]:     aggregate_metrics['decode_latency'].append(decode_latency)
[rank0]: UnboundLocalError: local variable 'decode_latency' referenced before assignment
W0919 22:29:00.970000 23211414509376 torch/distributed/elastic/multiprocessing/api.py:858] Sending process 893675 closing signal SIGTERM
W0919 22:29:00.971000 23211414509376 torch/distributed/elastic/multiprocessing/api.py:858] Sending process 893676 closing signal SIGTERM
E0919 22:29:01.149000 23211414509376 torch/distributed/elastic/multiprocessing/api.py:833] failed (exitcode: 1) local_rank: 2 (pid: 893677) of binary: /home/charlie/anaconda3/envs/gpt-fast/bin/python
Traceback (most recent call last):
  File "/home/charlie/anaconda3/envs/gpt-fast/bin/torchrun", line 8, in <module>
    sys.exit(main())
  File "/home/charlie/anaconda3/envs/gpt-fast/lib/python3.10/site-packages/torch/distributed/elastic/multiprocessing/errors/__init__.py", line 348, in wrapper
    return f(*args, **kwargs)
  File "/home/charlie/anaconda3/envs/gpt-fast/lib/python3.10/site-packages/torch/distributed/run.py", line 901, in main
    run(args)
  File "/home/charlie/anaconda3/envs/gpt-fast/lib/python3.10/site-packages/torch/distributed/run.py", line 892, in run
    elastic_launch(
  File "/home/charlie/anaconda3/envs/gpt-fast/lib/python3.10/site-packages/torch/distributed/launcher/api.py", line 133, in __call__
    return launch_agent(self._config, self._entrypoint, list(args))
  File "/home/charlie/anaconda3/envs/gpt-fast/lib/python3.10/site-packages/torch/distributed/launcher/api.py", line 264, in launch_agent
    raise ChildFailedError(
torch.distributed.elastic.multiprocessing.errors.ChildFailedError: 
============================================================
benchmark.py FAILED
------------------------------------------------------------
Failures:
[1]:
  time      : 2024-09-19_22:29:00
  host      : mk-xii-05.cloud.together.ai
  rank      : 3 (local_rank: 3)
  exitcode  : 1 (pid: 893678)
  error_file: <N/A>
  traceback : To enable traceback see: https://pytorch.org/docs/stable/elastic/errors.html
------------------------------------------------------------
Root Cause (first observed failure):
[0]:
  time      : 2024-09-19_22:29:00
  host      : mk-xii-05.cloud.together.ai
  rank      : 2 (local_rank: 2)
  exitcode  : 1 (pid: 893677)
  error_file: <N/A>
  traceback : To enable traceback see: https://pytorch.org/docs/stable/elastic/errors.html
============================================================
